<?xml version="1.0" encoding="UTF-8"?>
<testng-results ignored="0" total="1" passed="1" failed="0" skipped="0">
  <reporter-output>
  </reporter-output>
  <suite started-at="2024-05-05T23:53:01 EDT" name="Default suite" finished-at="2024-05-05T23:53:04 EDT" duration-ms="2997">
    <groups>
    </groups>
    <test started-at="2024-05-05T23:53:01 EDT" name="Default test" finished-at="2024-05-05T23:53:04 EDT" duration-ms="2997">
      <class name="tests.XMLSchemaValidation">
        <test-method signature="schemaValidation()[pri:0, instance:tests.XMLSchemaValidation@17497425]" started-at="2024-05-05T23:53:01 EDT" name="schemaValidation" finished-at="2024-05-05T23:53:04 EDT" duration-ms="2947" status="PASS">
          <reporter-output>
          </reporter-output>
        </test-method> <!-- schemaValidation -->
      </class> <!-- tests.XMLSchemaValidation -->
    </test> <!-- Default test -->
  </suite> <!-- Default suite -->
</testng-results>
