<?xml version="1.0" encoding="UTF-8"?>
<testng-results ignored="0" total="1" passed="1" failed="0" skipped="0">
  <reporter-output>
  </reporter-output>
  <suite started-at="2024-05-06T19:50:52 EDT" name="Default suite" finished-at="2024-05-06T19:50:58 EDT" duration-ms="6518">
    <groups>
    </groups>
    <test started-at="2024-05-06T19:50:52 EDT" name="Default test" finished-at="2024-05-06T19:50:58 EDT" duration-ms="6518">
      <class name="tests.XMLSchemaValidation">
        <test-method signature="schemaValidation()[pri:0, instance:tests.XMLSchemaValidation@6253c26]" started-at="2024-05-06T19:50:52 EDT" name="schemaValidation" finished-at="2024-05-06T19:50:58 EDT" duration-ms="6350" status="PASS">
          <reporter-output>
          </reporter-output>
        </test-method> <!-- schemaValidation -->
      </class> <!-- tests.XMLSchemaValidation -->
    </test> <!-- Default test -->
  </suite> <!-- Default suite -->
</testng-results>
